kotlin version: 2.3.21
error message: The daemon has terminated unexpectedly on startup attempt #1 with exit code: 1. The daemon process output:
    1. Error occurred during initialization of VM
    2. Could not reserve enough space for object heap
The daemon didn't produce the message "Kotlin compile daemon is ready" during startup.

error message: The daemon has terminated unexpectedly on startup attempt #2 with exit code: 1. The daemon process output:
    1. Error occurred during initialization of VM
    2. Unable to allocate 125440KB bitmaps for parallel garbage collection for the requested 4014080KB heap.
    3. Error: Could not create the Java Virtual Machine.
    4. Error: A fatal exception has occurred. Program will exit.
Problems may have occurred during auto-selection of GC. The preferred GC is Parallel GC.
If the problems persist, try adding the JVM option to the Kotlin daemon JVM arguments: -XX:-UseParallelGC.
GC auto-selection logic is disabled temporary for the next daemon startup.
The daemon didn't produce the message "Kotlin compile daemon is ready" during startup.

error message: The daemon has terminated unexpectedly on startup attempt #3 with exit code: 1. The daemon process output:
    1. Java HotSpot(TM) 64-Bit Server VM warning: INFO: os::commit_memory(0x000000070b000000, 257949696, 0) failed; error='The paging file is too small for this operation to complete' (DOS error/errno=1455)
    2. #
    3. # There is insufficient memory for the Java Runtime Environment to continue.
    4. # Native memory allocation (mmap) failed to map 257949696 bytes for G1 virtual space
    5. # An error report file with more information is saved as:
    6. # C:\Users\Saaransh_Xd\AppData\Local\kotlin\daemon\hs_err_pid29648.log
The daemon didn't produce the message "Kotlin compile daemon is ready" during startup.

error message: Failed connecting to the daemon in 4 retries

